# JRE version: OpenJDK Runtime Environment (8.0_112-b06) (build 1.8.0_112-release-b06)
# Java VM: OpenJDK 64-Bit Server VM (25.112-b06 mixed mode linux-amd64 compressed oops)
Heap:
 PSYoungGen      total 92160K, used 4817K [0x00000000e0000000, 0x00000000e8b00000, 0x0000000100000000)
  eden space 81408K, 0% used [0x00000000e0000000,0x00000000e0000000,0x00000000e4f80000)
  from space 10752K, 44% used [0x00000000e4f80000,0x00000000e5434760,0x00000000e5a00000)
  to   space 10752K, 0% used [0x00000000e8080000,0x00000000e8080000,0x00000000e8b00000)
 ParOldGen       total 57856K, used 12189K [0x00000000a0000000, 0x00000000a3880000, 0x00000000e0000000)
  object space 57856K, 21% used [0x00000000a0000000,0x00000000a0be7700,0x00000000a3880000)
 Metaspace       used 34713K, capacity 35376K, committed 35496K, reserved 1079296K
  class space    used 4648K, capacity 4801K, committed 4864K, reserved 1048576K
GC Heap History (10 events):
Event: 8,998 GC heap after
Heap after GC invocations=6 (full 1):
 PSYoungGen      total 36864K, used 4499K [0x00000000e0000000, 0x00000000e4500000, 0x0000000100000000)
  eden space 31744K, 0% used [0x00000000e0000000,0x00000000e0000000,0x00000000e1f00000)
  from space 5120K, 87% used [0x00000000e1f00000,0x00000000e2364db0,0x00000000e2400000)
  to   space 10240K, 0% used [0x00000000e3b00000,0x00000000e3b00000,0x00000000e4500000)
 ParOldGen       total 57856K, used 8285K [0x00000000a0000000, 0x00000000a3880000, 0x00000000e0000000)
  object space 57856K, 14% used [0x00000000a0000000,0x00000000a08177e0,0x00000000a3880000)
 Metaspace       used 23627K, capacity 23998K, committed 24320K, reserved 1071104K
  class space    used 3191K, capacity 3308K, committed 3328K, reserved 1048576K
}
Event: 9,564 GC heap before
{Heap before GC invocations=7 (full 1):
 PSYoungGen      total 36864K, used 36243K [0x00000000e0000000, 0x00000000e4500000, 0x0000000100000000)
  eden space 31744K, 100% used [0x00000000e0000000,0x00000000e1f00000,0x00000000e1f00000)
  from space 5120K, 87% used [0x00000000e1f00000,0x00000000e2364db0,0x00000000e2400000)
  to   space 10240K, 0% used [0x00000000e3b00000,0x00000000e3b00000,0x00000000e4500000)
 ParOldGen       total 57856K, used 8285K [0x00000000a0000000, 0x00000000a3880000, 0x00000000e0000000)
  object space 57856K, 14% used [0x00000000a0000000,0x00000000a08177e0,0x00000000a3880000)
 Metaspace       used 25697K, capacity 26132K, committed 26240K, reserved 1071104K
  class space    used 3555K, capacity 3675K, committed 3712K, reserved 1048576K
Event: 9,573 GC heap after
Heap after GC invocations=7 (full 1):
 PSYoungGen      total 60928K, used 4863K [0x00000000e0000000, 0x00000000e4680000, 0x0000000100000000)
  eden space 50688K, 0% used [0x00000000e0000000,0x00000000e0000000,0x00000000e3180000)
  from space 10240K, 47% used [0x00000000e3b00000,0x00000000e3fbfcc8,0x00000000e4500000)
  to   space 9728K, 0% used [0x00000000e3180000,0x00000000e3180000,0x00000000e3b00000)
 ParOldGen       total 57856K, used 8293K [0x00000000a0000000, 0x00000000a3880000, 0x00000000e0000000)
  object space 57856K, 14% used [0x00000000a0000000,0x00000000a08197e0,0x00000000a3880000)
 Metaspace       used 25697K, capacity 26132K, committed 26240K, reserved 1071104K
  class space    used 3555K, capacity 3675K, committed 3712K, reserved 1048576K
}
Event: 10,787 GC heap before
{Heap before GC invocations=8 (full 1):
 PSYoungGen      total 60928K, used 55551K [0x00000000e0000000, 0x00000000e4680000, 0x0000000100000000)
  eden space 50688K, 100% used [0x00000000e0000000,0x00000000e3180000,0x00000000e3180000)
  from space 10240K, 47% used [0x00000000e3b00000,0x00000000e3fbfcc8,0x00000000e4500000)
  to   space 9728K, 0% used [0x00000000e3180000,0x00000000e3180000,0x00000000e3b00000)
 ParOldGen       total 57856K, used 8293K [0x00000000a0000000, 0x00000000a3880000, 0x00000000e0000000)
  object space 57856K, 14% used [0x00000000a0000000,0x00000000a08197e0,0x00000000a3880000)
 Metaspace       used 28785K, capacity 29336K, committed 29440K, reserved 1075200K
  class space    used 3915K, capacity 4063K, committed 4096K, reserved 1048576K
Event: 10,794 GC heap after
Heap after GC invocations=8 (full 1):
 PSYoungGen      total 60416K, used 5725K [0x00000000e0000000, 0x00000000e6300000, 0x0000000100000000)
  eden space 50688K, 0% used [0x00000000e0000000,0x00000000e0000000,0x00000000e3180000)
  from space 9728K, 58% used [0x00000000e3180000,0x00000000e3717668,0x00000000e3b00000)
  to   space 9216K, 0% used [0x00000000e5a00000,0x00000000e5a00000,0x00000000e6300000)
 ParOldGen       total 57856K, used 8301K [0x00000000a0000000, 0x00000000a3880000, 0x00000000e0000000)
  object space 57856K, 14% used [0x00000000a0000000,0x00000000a081b7e0,0x00000000a3880000)
 Metaspace       used 28785K, capacity 29336K, committed 29440K, reserved 1075200K
  class space    used 3915K, capacity 4063K, committed 4096K, reserved 1048576K
}
Event: 13,280 GC heap before
{Heap before GC invocations=9 (full 1):
 PSYoungGen      total 60416K, used 56413K [0x00000000e0000000, 0x00000000e6300000, 0x0000000100000000)
  eden space 50688K, 100% used [0x00000000e0000000,0x00000000e3180000,0x00000000e3180000)
  from space 9728K, 58% used [0x00000000e3180000,0x00000000e3717668,0x00000000e3b00000)
  to   space 9216K, 0% used [0x00000000e5a00000,0x00000000e5a00000,0x00000000e6300000)
 ParOldGen       total 57856K, used 8301K [0x00000000a0000000, 0x00000000a3880000, 0x00000000e0000000)
  object space 57856K, 14% used [0x00000000a0000000,0x00000000a081b7e0,0x00000000a3880000)
 Metaspace       used 33929K, capacity 34628K, committed 34816K, reserved 1079296K
  class space    used 4569K, capacity 4767K, committed 4864K, reserved 1048576K
Event: 13,297 GC heap after
Heap after GC invocations=9 (full 1):
 PSYoungGen      total 90624K, used 9199K [0x00000000e0000000, 0x00000000e6580000, 0x0000000100000000)
  eden space 81408K, 0% used [0x00000000e0000000,0x00000000e0000000,0x00000000e4f80000)
  from space 9216K, 99% used [0x00000000e5a00000,0x00000000e62fbeb8,0x00000000e6300000)
  to   space 10752K, 0% used [0x00000000e4f80000,0x00000000e4f80000,0x00000000e5a00000)
 ParOldGen       total 57856K, used 9088K [0x00000000a0000000, 0x00000000a3880000, 0x00000000e0000000)
  object space 57856K, 15% used [0x00000000a0000000,0x00000000a08e0390,0x00000000a3880000)
 Metaspace       used 33929K, capacity 34628K, committed 34816K, reserved 1079296K
  class space    used 4569K, capacity 4767K, committed 4864K, reserved 1048576K
}
Event: 13,592 GC heap before
{Heap before GC invocations=10 (full 1):
 PSYoungGen      total 90624K, used 42959K [0x00000000e0000000, 0x00000000e6580000, 0x0000000100000000)
  eden space 81408K, 41% used [0x00000000e0000000,0x00000000e20f8038,0x00000000e4f80000)
  from space 9216K, 99% used [0x00000000e5a00000,0x00000000e62fbeb8,0x00000000e6300000)
  to   space 10752K, 0% used [0x00000000e4f80000,0x00000000e4f80000,0x00000000e5a00000)
 ParOldGen       total 57856K, used 9088K [0x00000000a0000000, 0x00000000a3880000, 0x00000000e0000000)
  object space 57856K, 15% used [0x00000000a0000000,0x00000000a08e0390,0x00000000a3880000)
 Metaspace       used 34713K, capacity 35376K, committed 35496K, reserved 1079296K
  class space    used 4648K, capacity 4801K, committed 4864K, reserved 1048576K
Event: 13,609 GC heap after
Heap after GC invocations=10 (full 1):
 PSYoungGen      total 92160K, used 4817K [0x00000000e0000000, 0x00000000e8b00000, 0x0000000100000000)
  eden space 81408K, 0% used [0x00000000e0000000,0x00000000e0000000,0x00000000e4f80000)
  from space 10752K, 44% used [0x00000000e4f80000,0x00000000e5434760,0x00000000e5a00000)
  to   space 10752K, 0% used [0x00000000e8080000,0x00000000e8080000,0x00000000e8b00000)
 ParOldGen       total 57856K, used 12189K [0x00000000a0000000, 0x00000000a3880000, 0x00000000e0000000)
  object space 57856K, 21% used [0x00000000a0000000,0x00000000a0be7700,0x00000000a3880000)
 Metaspace       used 34713K, capacity 35376K, committed 35496K, reserved 1079296K
  class space    used 4648K, capacity 4801K, committed 4864K, reserved 1048576K
}
Event: 13,609 GC heap before
{Heap before GC invocations=11 (full 2):
 PSYoungGen      total 92160K, used 4817K [0x00000000e0000000, 0x00000000e8b00000, 0x0000000100000000)
  eden space 81408K, 0% used [0x00000000e0000000,0x00000000e0000000,0x00000000e4f80000)
  from space 10752K, 44% used [0x00000000e4f80000,0x00000000e5434760,0x00000000e5a00000)
  to   space 10752K, 0% used [0x00000000e8080000,0x00000000e8080000,0x00000000e8b00000)
 ParOldGen       total 57856K, used 12189K [0x00000000a0000000, 0x00000000a3880000, 0x00000000e0000000)
  object space 57856K, 21% used [0x00000000a0000000,0x00000000a0be7700,0x00000000a3880000)
 Metaspace       used 34713K, capacity 35376K, committed 35496K, reserved 1079296K
  class space    used 4648K, capacity 4801K, committed 4864K, reserved 1048576K

