# JRE version: OpenJDK Runtime Environment (8.0_112-b06) (build 1.8.0_112-release-b06)
# Java VM: OpenJDK 64-Bit Server VM (25.112-b06 mixed mode linux-amd64 compressed oops)
Heap:
 PSYoungGen      total 349696K, used 115702K [0x00000000e0000000, 0x0000000100000000, 0x0000000100000000)
  eden space 175104K, 0% used [0x00000000e0000000,0x00000000e0000000,0x00000000eab00000)
  from space 174592K, 66% used [0x00000000f5580000,0x00000000fc67da78,0x0000000100000000)
  to   space 174592K, 0% used [0x00000000eab00000,0x00000000eab00000,0x00000000f5580000)
 ParOldGen       total 446976K, used 432980K [0x00000000a0000000, 0x00000000bb480000, 0x00000000e0000000)
  object space 446976K, 96% used [0x00000000a0000000,0x00000000ba6d5128,0x00000000bb480000)
 Metaspace       used 81163K, capacity 86294K, committed 86400K, reserved 1124352K
  class space    used 10202K, capacity 11082K, committed 11136K, reserved 1048576K
GC Heap History (10 events):
Event: 2306,254 GC heap after
Heap after GC invocations=81 (full 7):
 PSYoungGen      total 349696K, used 174567K [0x00000000e0000000, 0x0000000100000000, 0x0000000100000000)
  eden space 175104K, 0% used [0x00000000e0000000,0x00000000e0000000,0x00000000eab00000)
  from space 174592K, 99% used [0x00000000f5580000,0x00000000ffff9fd0,0x0000000100000000)
  to   space 174592K, 0% used [0x00000000eab00000,0x00000000eab00000,0x00000000f5580000)
 ParOldGen       total 446976K, used 275521K [0x00000000a0000000, 0x00000000bb480000, 0x00000000e0000000)
  object space 446976K, 61% used [0x00000000a0000000,0x00000000b0d10610,0x00000000bb480000)
 Metaspace       used 81163K, capacity 86294K, committed 86400K, reserved 1124352K
  class space    used 10202K, capacity 11082K, committed 11136K, reserved 1048576K
}
Event: 2306,571 GC heap before
{Heap before GC invocations=82 (full 7):
 PSYoungGen      total 349696K, used 349671K [0x00000000e0000000, 0x0000000100000000, 0x0000000100000000)
  eden space 175104K, 100% used [0x00000000e0000000,0x00000000eab00000,0x00000000eab00000)
  from space 174592K, 99% used [0x00000000f5580000,0x00000000ffff9fd0,0x0000000100000000)
  to   space 174592K, 0% used [0x00000000eab00000,0x00000000eab00000,0x00000000f5580000)
 ParOldGen       total 446976K, used 275521K [0x00000000a0000000, 0x00000000bb480000, 0x00000000e0000000)
  object space 446976K, 61% used [0x00000000a0000000,0x00000000b0d10610,0x00000000bb480000)
 Metaspace       used 81163K, capacity 86294K, committed 86400K, reserved 1124352K
  class space    used 10202K, capacity 11082K, committed 11136K, reserved 1048576K
Event: 2306,763 GC heap after
Heap after GC invocations=82 (full 7):
 PSYoungGen      total 349696K, used 174576K [0x00000000e0000000, 0x0000000100000000, 0x0000000100000000)
  eden space 175104K, 0% used [0x00000000e0000000,0x00000000e0000000,0x00000000eab00000)
  from space 174592K, 99% used [0x00000000eab00000,0x00000000f557c198,0x00000000f5580000)
  to   space 174592K, 0% used [0x00000000f5580000,0x00000000f5580000,0x0000000100000000)
 ParOldGen       total 446976K, used 301753K [0x00000000a0000000, 0x00000000bb480000, 0x00000000e0000000)
  object space 446976K, 67% used [0x00000000a0000000,0x00000000b26ae490,0x00000000bb480000)
 Metaspace       used 81163K, capacity 86294K, committed 86400K, reserved 1124352K
  class space    used 10202K, capacity 11082K, committed 11136K, reserved 1048576K
}
Event: 2306,999 GC heap before
{Heap before GC invocations=83 (full 7):
 PSYoungGen      total 349696K, used 349680K [0x00000000e0000000, 0x0000000100000000, 0x0000000100000000)
  eden space 175104K, 100% used [0x00000000e0000000,0x00000000eab00000,0x00000000eab00000)
  from space 174592K, 99% used [0x00000000eab00000,0x00000000f557c198,0x00000000f5580000)
  to   space 174592K, 0% used [0x00000000f5580000,0x00000000f5580000,0x0000000100000000)
 ParOldGen       total 446976K, used 301753K [0x00000000a0000000, 0x00000000bb480000, 0x00000000e0000000)
  object space 446976K, 67% used [0x00000000a0000000,0x00000000b26ae490,0x00000000bb480000)
 Metaspace       used 81163K, capacity 86294K, committed 86400K, reserved 1124352K
  class space    used 10202K, capacity 11082K, committed 11136K, reserved 1048576K
Event: 2307,171 GC heap after
Heap after GC invocations=83 (full 7):
 PSYoungGen      total 349696K, used 154984K [0x00000000e0000000, 0x0000000100000000, 0x0000000100000000)
  eden space 175104K, 0% used [0x00000000e0000000,0x00000000e0000000,0x00000000eab00000)
  from space 174592K, 88% used [0x00000000f5580000,0x00000000fecda1f0,0x0000000100000000)
  to   space 174592K, 0% used [0x00000000eab00000,0x00000000eab00000,0x00000000f5580000)
 ParOldGen       total 446976K, used 342450K [0x00000000a0000000, 0x00000000bb480000, 0x00000000e0000000)
  object space 446976K, 76% used [0x00000000a0000000,0x00000000b4e6c848,0x00000000bb480000)
 Metaspace       used 81163K, capacity 86294K, committed 86400K, reserved 1124352K
  class space    used 10202K, capacity 11082K, committed 11136K, reserved 1048576K
}
Event: 2307,449 GC heap before
{Heap before GC invocations=84 (full 7):
 PSYoungGen      total 349696K, used 330088K [0x00000000e0000000, 0x0000000100000000, 0x0000000100000000)
  eden space 175104K, 100% used [0x00000000e0000000,0x00000000eab00000,0x00000000eab00000)
  from space 174592K, 88% used [0x00000000f5580000,0x00000000fecda1f0,0x0000000100000000)
  to   space 174592K, 0% used [0x00000000eab00000,0x00000000eab00000,0x00000000f5580000)
 ParOldGen       total 446976K, used 342450K [0x00000000a0000000, 0x00000000bb480000, 0x00000000e0000000)
  object space 446976K, 76% used [0x00000000a0000000,0x00000000b4e6c848,0x00000000bb480000)
 Metaspace       used 81163K, capacity 86294K, committed 86400K, reserved 1124352K
  class space    used 10202K, capacity 11082K, committed 11136K, reserved 1048576K
Event: 2307,642 GC heap after
Heap after GC invocations=84 (full 7):
 PSYoungGen      total 349696K, used 133933K [0x00000000e0000000, 0x0000000100000000, 0x0000000100000000)
  eden space 175104K, 0% used [0x00000000e0000000,0x00000000e0000000,0x00000000eab00000)
  from space 174592K, 76% used [0x00000000eab00000,0x00000000f2dcb470,0x00000000f5580000)
  to   space 174592K, 0% used [0x00000000f5580000,0x00000000f5580000,0x0000000100000000)
 ParOldGen       total 446976K, used 387150K [0x00000000a0000000, 0x00000000bb480000, 0x00000000e0000000)
  object space 446976K, 86% used [0x00000000a0000000,0x00000000b7a13ad8,0x00000000bb480000)
 Metaspace       used 81163K, capacity 86294K, committed 86400K, reserved 1124352K
  class space    used 10202K, capacity 11082K, committed 11136K, reserved 1048576K
}
Event: 2308,002 GC heap before
{Heap before GC invocations=85 (full 7):
 PSYoungGen      total 349696K, used 309037K [0x00000000e0000000, 0x0000000100000000, 0x0000000100000000)
  eden space 175104K, 100% used [0x00000000e0000000,0x00000000eab00000,0x00000000eab00000)
  from space 174592K, 76% used [0x00000000eab00000,0x00000000f2dcb470,0x00000000f5580000)
  to   space 174592K, 0% used [0x00000000f5580000,0x00000000f5580000,0x0000000100000000)
 ParOldGen       total 446976K, used 387150K [0x00000000a0000000, 0x00000000bb480000, 0x00000000e0000000)
  object space 446976K, 86% used [0x00000000a0000000,0x00000000b7a13ad8,0x00000000bb480000)
 Metaspace       used 81163K, capacity 86294K, committed 86400K, reserved 1124352K
  class space    used 10202K, capacity 11082K, committed 11136K, reserved 1048576K
Event: 2308,175 GC heap after
Heap after GC invocations=85 (full 7):
 PSYoungGen      total 349696K, used 115702K [0x00000000e0000000, 0x0000000100000000, 0x0000000100000000)
  eden space 175104K, 0% used [0x00000000e0000000,0x00000000e0000000,0x00000000eab00000)
  from space 174592K, 66% used [0x00000000f5580000,0x00000000fc67da78,0x0000000100000000)
  to   space 174592K, 0% used [0x00000000eab00000,0x00000000eab00000,0x00000000f5580000)
 ParOldGen       total 446976K, used 432980K [0x00000000a0000000, 0x00000000bb480000, 0x00000000e0000000)
  object space 446976K, 96% used [0x00000000a0000000,0x00000000ba6d5128,0x00000000bb480000)
 Metaspace       used 81163K, capacity 86294K, committed 86400K, reserved 1124352K
  class space    used 10202K, capacity 11082K, committed 11136K, reserved 1048576K
}
Event: 2308,175 GC heap before
{Heap before GC invocations=86 (full 8):
 PSYoungGen      total 349696K, used 115702K [0x00000000e0000000, 0x0000000100000000, 0x0000000100000000)
  eden space 175104K, 0% used [0x00000000e0000000,0x00000000e0000000,0x00000000eab00000)
  from space 174592K, 66% used [0x00000000f5580000,0x00000000fc67da78,0x0000000100000000)
  to   space 174592K, 0% used [0x00000000eab00000,0x00000000eab00000,0x00000000f5580000)
 ParOldGen       total 446976K, used 432980K [0x00000000a0000000, 0x00000000bb480000, 0x00000000e0000000)
  object space 446976K, 96% used [0x00000000a0000000,0x00000000ba6d5128,0x00000000bb480000)
 Metaspace       used 81163K, capacity 86294K, committed 86400K, reserved 1124352K
  class space    used 10202K, capacity 11082K, committed 11136K, reserved 1048576K

