# JRE version: OpenJDK Runtime Environment (8.0_112-b06) (build 1.8.0_112-release-b06)
# Java VM: OpenJDK 64-Bit Server VM (25.112-b06 mixed mode linux-amd64 compressed oops)
Heap:
 PSYoungGen      total 132096K, used 117869K [0x00000000e0000000, 0x00000000eae00000, 0x0000000100000000)
  eden space 119808K, 88% used [0x00000000e0000000,0x00000000e67a2c18,0x00000000e7500000)
  from space 12288K, 95% used [0x00000000e7500000,0x00000000e8078940,0x00000000e8100000)
  to   space 13824K, 0% used [0x00000000ea080000,0x00000000ea080000,0x00000000eae00000)
 ParOldGen       total 121856K, used 16764K [0x00000000a0000000, 0x00000000a7700000, 0x00000000e0000000)
  object space 121856K, 13% used [0x00000000a0000000,0x00000000a105f000,0x00000000a7700000)
 Metaspace       used 45977K, capacity 47042K, committed 47152K, reserved 1089536K
  class space    used 6136K, capacity 6412K, committed 6448K, reserved 1048576K
GC Heap History (10 events):
Event: 2,610 GC heap before
{Heap before GC invocations=5 (full 1):
 PSYoungGen      total 68608K, used 63488K [0x00000000e0000000, 0x00000000e8600000, 0x0000000100000000)
  eden space 63488K, 100% used [0x00000000e0000000,0x00000000e3e00000,0x00000000e3e00000)
  from space 5120K, 0% used [0x00000000e3e00000,0x00000000e3e00000,0x00000000e4300000)
  to   space 5120K, 0% used [0x00000000e8100000,0x00000000e8100000,0x00000000e8600000)
 ParOldGen       total 75264K, used 11964K [0x00000000a0000000, 0x00000000a4980000, 0x00000000e0000000)
  object space 75264K, 15% used [0x00000000a0000000,0x00000000a0baf2c0,0x00000000a4980000)
 Metaspace       used 25740K, capacity 26164K, committed 26288K, reserved 1071104K
  class space    used 3561K, capacity 3707K, committed 3760K, reserved 1048576K
Event: 2,623 GC heap after
Heap after GC invocations=5 (full 1):
 PSYoungGen      total 84992K, used 5094K [0x00000000e0000000, 0x00000000e8600000, 0x0000000100000000)
  eden space 79872K, 0% used [0x00000000e0000000,0x00000000e0000000,0x00000000e4e00000)
  from space 5120K, 99% used [0x00000000e8100000,0x00000000e85f98b0,0x00000000e8600000)
  to   space 5120K, 0% used [0x00000000e7c00000,0x00000000e7c00000,0x00000000e8100000)
 ParOldGen       total 75264K, used 14197K [0x00000000a0000000, 0x00000000a4980000, 0x00000000e0000000)
  object space 75264K, 18% used [0x00000000a0000000,0x00000000a0ddd788,0x00000000a4980000)
 Metaspace       used 25740K, capacity 26164K, committed 26288K, reserved 1071104K
  class space    used 3561K, capacity 3707K, committed 3760K, reserved 1048576K
}
Event: 4,120 GC heap before
{Heap before GC invocations=6 (full 1):
 PSYoungGen      total 84992K, used 84966K [0x00000000e0000000, 0x00000000e8600000, 0x0000000100000000)
  eden space 79872K, 100% used [0x00000000e0000000,0x00000000e4e00000,0x00000000e4e00000)
  from space 5120K, 99% used [0x00000000e8100000,0x00000000e85f98b0,0x00000000e8600000)
  to   space 5120K, 0% used [0x00000000e7c00000,0x00000000e7c00000,0x00000000e8100000)
 ParOldGen       total 75264K, used 14197K [0x00000000a0000000, 0x00000000a4980000, 0x00000000e0000000)
  object space 75264K, 18% used [0x00000000a0000000,0x00000000a0ddd788,0x00000000a4980000)
 Metaspace       used 30706K, capacity 31358K, committed 31536K, reserved 1077248K
  class space    used 4153K, capacity 4356K, committed 4400K, reserved 1048576K
Event: 4,131 GC heap after
Heap after GC invocations=6 (full 1):
 PSYoungGen      total 103424K, used 5092K [0x00000000e0000000, 0x00000000e8180000, 0x0000000100000000)
  eden space 98304K, 0% used [0x00000000e0000000,0x00000000e0000000,0x00000000e6000000)
  from space 5120K, 99% used [0x00000000e7c00000,0x00000000e80f9030,0x00000000e8100000)
  to   space 512K, 0% used [0x00000000e8100000,0x00000000e8100000,0x00000000e8180000)
 ParOldGen       total 75264K, used 17122K [0x00000000a0000000, 0x00000000a4980000, 0x00000000e0000000)
  object space 75264K, 22% used [0x00000000a0000000,0x00000000a10b8a60,0x00000000a4980000)
 Metaspace       used 30706K, capacity 31358K, committed 31536K, reserved 1077248K
  class space    used 4153K, capacity 4356K, committed 4400K, reserved 1048576K
}
Event: 4,849 GC heap before
{Heap before GC invocations=7 (full 1):
 PSYoungGen      total 103424K, used 61730K [0x00000000e0000000, 0x00000000e8180000, 0x0000000100000000)
  eden space 98304K, 57% used [0x00000000e0000000,0x00000000e374f868,0x00000000e6000000)
  from space 5120K, 99% used [0x00000000e7c00000,0x00000000e80f9030,0x00000000e8100000)
  to   space 512K, 0% used [0x00000000e8100000,0x00000000e8100000,0x00000000e8180000)
 ParOldGen       total 75264K, used 17122K [0x00000000a0000000, 0x00000000a4980000, 0x00000000e0000000)
  object space 75264K, 22% used [0x00000000a0000000,0x00000000a10b8a60,0x00000000a4980000)
 Metaspace       used 34673K, capacity 35344K, committed 35496K, reserved 1079296K
  class space    used 4640K, capacity 4833K, committed 4912K, reserved 1048576K
Event: 4,860 GC heap after
Heap after GC invocations=7 (full 1):
 PSYoungGen      total 120320K, used 480K [0x00000000e0000000, 0x00000000e8e00000, 0x0000000100000000)
  eden space 119808K, 0% used [0x00000000e0000000,0x00000000e0000000,0x00000000e7500000)
  from space 512K, 93% used [0x00000000e8100000,0x00000000e8178010,0x00000000e8180000)
  to   space 12288K, 0% used [0x00000000e7500000,0x00000000e7500000,0x00000000e8100000)
 ParOldGen       total 75264K, used 26385K [0x00000000a0000000, 0x00000000a4980000, 0x00000000e0000000)
  object space 75264K, 35% used [0x00000000a0000000,0x00000000a19c4600,0x00000000a4980000)
 Metaspace       used 34673K, capacity 35344K, committed 35496K, reserved 1079296K
  class space    used 4640K, capacity 4833K, committed 4912K, reserved 1048576K
}
Event: 4,860 GC heap before
{Heap before GC invocations=8 (full 2):
 PSYoungGen      total 120320K, used 480K [0x00000000e0000000, 0x00000000e8e00000, 0x0000000100000000)
  eden space 119808K, 0% used [0x00000000e0000000,0x00000000e0000000,0x00000000e7500000)
  from space 512K, 93% used [0x00000000e8100000,0x00000000e8178010,0x00000000e8180000)
  to   space 12288K, 0% used [0x00000000e7500000,0x00000000e7500000,0x00000000e8100000)
 ParOldGen       total 75264K, used 26385K [0x00000000a0000000, 0x00000000a4980000, 0x00000000e0000000)
  object space 75264K, 35% used [0x00000000a0000000,0x00000000a19c4600,0x00000000a4980000)
 Metaspace       used 34673K, capacity 35344K, committed 35496K, reserved 1079296K
  class space    used 4640K, capacity 4833K, committed 4912K, reserved 1048576K
Event: 4,943 GC heap after
Heap after GC invocations=8 (full 2):
 PSYoungGen      total 120320K, used 0K [0x00000000e0000000, 0x00000000e8e00000, 0x0000000100000000)
  eden space 119808K, 0% used [0x00000000e0000000,0x00000000e0000000,0x00000000e7500000)
  from space 512K, 0% used [0x00000000e8100000,0x00000000e8100000,0x00000000e8180000)
  to   space 12288K, 0% used [0x00000000e7500000,0x00000000e7500000,0x00000000e8100000)
 ParOldGen       total 121856K, used 16756K [0x00000000a0000000, 0x00000000a7700000, 0x00000000e0000000)
  object space 121856K, 13% used [0x00000000a0000000,0x00000000a105d000,0x00000000a7700000)
 Metaspace       used 34673K, capacity 35344K, committed 35496K, reserved 1079296K
  class space    used 4640K, capacity 4833K, committed 4912K, reserved 1048576K
}
Event: 6,329 GC heap before
{Heap before GC invocations=9 (full 2):
 PSYoungGen      total 120320K, used 119808K [0x00000000e0000000, 0x00000000e8e00000, 0x0000000100000000)
  eden space 119808K, 100% used [0x00000000e0000000,0x00000000e7500000,0x00000000e7500000)
  from space 512K, 0% used [0x00000000e8100000,0x00000000e8100000,0x00000000e8180000)
  to   space 12288K, 0% used [0x00000000e7500000,0x00000000e7500000,0x00000000e8100000)
 ParOldGen       total 121856K, used 16756K [0x00000000a0000000, 0x00000000a7700000, 0x00000000e0000000)
  object space 121856K, 13% used [0x00000000a0000000,0x00000000a105d000,0x00000000a7700000)
 Metaspace       used 42519K, capacity 43494K, committed 43568K, reserved 1087488K
  class space    used 5690K, capacity 5926K, committed 5936K, reserved 1048576K
Event: 6,342 GC heap after
Heap after GC invocations=9 (full 2):
 PSYoungGen      total 132096K, used 11746K [0x00000000e0000000, 0x00000000eae00000, 0x0000000100000000)
  eden space 119808K, 0% used [0x00000000e0000000,0x00000000e0000000,0x00000000e7500000)
  from space 12288K, 95% used [0x00000000e7500000,0x00000000e8078940,0x00000000e8100000)
  to   space 13824K, 0% used [0x00000000ea080000,0x00000000ea080000,0x00000000eae00000)
 ParOldGen       total 121856K, used 16764K [0x00000000a0000000, 0x00000000a7700000, 0x00000000e0000000)
  object space 121856K, 13% used [0x00000000a0000000,0x00000000a105f000,0x00000000a7700000)
 Metaspace       used 42519K, capacity 43494K, committed 43568K, reserved 1087488K
  class space    used 5690K, capacity 5926K, committed 5936K, reserved 1048576K
}

